[2026-07-21T18:05:46.125] [DEBUG] debug-file - env: nodejsVersion=v18.20.1
[2026-07-21T18:05:46.576] [DEBUG] debug-file - Hvigor init with startParameters:{
  hvigorfileTypeCheck: false,
  parallelExecution: true,
  incrementalExecution: true,
  printStackTrace: false,
  daemon: false,
  analyze: 0,
  logLevel: Level { level: 20000, levelStr: 'INFO', colour: 'green' },
  optimizationStrategy: 'memory',
  hotCompile: undefined,
  hotReloadBuild: undefined,
  customizedParam: undefined
}
[2026-07-21T18:05:49.968] [DEBUG] debug-file - hvigorfile, require result:  { default: { system: [Function: appTasks], plugins: [] } }
[2026-07-21T18:05:50.111] [DEBUG] debug-file - App plugin register hook start...
[2026-07-21T18:05:50.113] [DEBUG] debug-file - Start initialize project's product build option map with build mode debug.
[2026-07-21T18:05:50.126] [DEBUG] debug-file - Start recording SDK configuration permission data.
[2026-07-21T18:05:49.970] [DEBUG] debug-file - Starting plugin build process
[2026-07-21T18:05:50.162] [DEBUG] debug-file - Project task initialization takes 5 ms 
[2026-07-21T18:05:50.117] [DEBUG] debug-file - Obtain build option for product 'default'in this build.
[2026-07-21T18:05:50.186] [DEBUG] debug-file - project has submodules:entry
[2026-07-21T18:05:50.169] [DEBUG] debug-file - failed to load cangjie to dynamically generate schemas: Error: Cannot find module '@ohos/cangjie-build-support/index'
Require stack:
- D:\Program Files\Huawei\DevEco Studio\tools\hvigor\hvigor-ohos-plugin\src\plugin\hooks\cangjie-register.js
- D:\Program Files\Huawei\DevEco Studio\tools\hvigor\hvigor-ohos-plugin\src\plugin\strategy\stage-init-strategy.js
- D:\Program Files\Huawei\DevEco Studio\tools\hvigor\hvigor-ohos-plugin\src\plugin\builder\abstract-plugin-builder.js
- D:\Program Files\Huawei\DevEco Studio\tools\hvigor\hvigor-ohos-plugin\src\plugin\builder\app-plugin-builder.js
- D:\Program Files\Huawei\DevEco Studio\tools\hvigor\hvigor-ohos-plugin\src\plugin\factory\plugin-factory.js
- D:\Program Files\Huawei\DevEco Studio\tools\hvigor\hvigor-ohos-plugin\index.js
- D:\GitRespositore\App_Present-BUPT.GAFA\hvigorfile.ts
- D:\Program Files\Huawei\DevEco Studio\tools\hvigor\hvigor\src\base\internal\lifecycle\configuration.js
- D:\Program Files\Huawei\DevEco Studio\tools\hvigor\hvigor\src\base\boot\index.js
- D:\Program Files\Huawei\DevEco Studio\tools\hvigor\hvigor\src\cli\main\cli.js
- D:\Program Files\Huawei\DevEco Studio\tools\hvigor\hvigor\bin\hvigor.js
[2026-07-21T18:05:50.180] [DEBUG] debug-file - Start initialize module-target build option map, moduleName=entry, buildMode=debug
[2026-07-21T18:05:50.188] [DEBUG] debug-file - start to load updatedOhPackageInfo to the disk
[2026-07-21T18:05:46.126] [DEBUG] debug-file - env: hvigor-config.json5 content = {
  modelVersion: '5.0.0',
  dependencies: {},
  execution: {
    analyze: 'normal',
    daemon: true,
    incremental: true,
    parallel: true,
    typeCheck: false
  },
  logging: { level: 'info' }
}
[2026-07-21T18:05:50.207] [DEBUG] debug-file - entry : clean cost memory 0.10799407958984375
[2026-07-21T18:05:50.201] [DEBUG] debug-file - Start to initialize dependency information.
[2026-07-21T18:05:46.577] [DEBUG] debug-file - Since current hvigor version 6.24.3 differs from last hvigor version 
      undefined, delete file-cache.json and task-cache.json.
[2026-07-21T18:05:50.229] [DEBUG] debug-file - Create  resident worker with id: 0.
[2026-07-21T18:05:49.969] [DEBUG] debug-file - hvigorfile, binding system plugins [Function: appTasks]
[2026-07-21T18:05:50.111] [DEBUG] debug-file - App plugin register hook end...
[2026-07-21T18:05:50.113] [DEBUG] debug-file - Picking option from product 'default' with build mode 'debug'.
[2026-07-21T18:05:50.155] [DEBUG] debug-file - Sdk init in 37 ms 
[2026-07-21T18:05:49.970] [DEBUG] debug-file - App plugin prepare start...
[2026-07-21T18:05:50.162] [DEBUG] debug-file - hvigorfile, begin to bind custom plugins...
[2026-07-21T18:05:50.118] [DEBUG] debug-file - No signingConfig found, initRemoteHspCache failed.
[2026-07-21T18:05:50.191] [DEBUG] debug-file - load to the disk finished
[2026-07-21T18:05:46.127] [DEBUG] debug-file - env: daemon=false
[2026-07-21T18:05:50.180] [DEBUG] debug-file - Target 'default' config initialized
[2026-07-21T18:05:50.208] [DEBUG] debug-file - runTaskFromQueue task cost before running: 3 s 638 ms 
[2026-07-21T18:05:50.203] [DEBUG] debug-file - Module entry Collected Dependency: 
[2026-07-21T18:05:46.577] [DEBUG] debug-file - Cache service initialization finished in 1 ms 
[2026-07-21T18:05:50.231] [DEBUG] debug-file - Create  resident worker with id: 1.
[2026-07-21T18:05:50.111] [DEBUG] debug-file - Plugin build process completed
[2026-07-21T18:05:50.113] [DEBUG] debug-file - Product 'default' build option initialized
[2026-07-21T18:05:49.970] [DEBUG] debug-file - App plugin prepare end...
[2026-07-21T18:05:50.162] [DEBUG] debug-file - hvigorfile, no custom plugins were found in D:\GitRespositore\App_Present-BUPT.GAFA\hvigorfile.ts
[2026-07-21T18:05:50.119] [DEBUG] debug-file - Local scan or download HarmonyOS sdk components toolchains,ets,js,native,previewer
[2026-07-21T18:05:46.127] [DEBUG] debug-file - no-daemon, use the parent process.execArgv --max-old-space-size=8192,--max-semi-space-size=16,--expose-gc
[2026-07-21T18:05:50.192] [DEBUG] debug-file - Start to initialize dependency information.
[2026-07-21T18:05:50.208] [INFO] debug-file - Finished :entry:clean... after 2 ms 
[2026-07-21T18:05:50.181] [DEBUG] debug-file - Module 'entry' target 'default' build option initialized
[2026-07-21T18:05:50.203] [DEBUG] debug-file - Module entry's total dependency: 0
[2026-07-21T18:05:46.578] [DEBUG] debug-file - hvigorfile, resolving D:\GitRespositore\App_Present-BUPT.GAFA\hvigorfile.ts
[2026-07-21T18:05:50.232] [DEBUG] debug-file - Current worker pool is stopped or closed.
[2026-07-21T18:05:50.113] [DEBUG] debug-file - End initialize project's product build option map with build mode 'debug'.
[2026-07-21T18:05:49.970] [DEBUG] debug-file - App plugin creating...
[2026-07-21T18:05:50.162] [DEBUG] debug-file - hvigorfile, resolve finished D:\GitRespositore\App_Present-BUPT.GAFA\hvigorfile.ts
[2026-07-21T18:05:50.122] [DEBUG] debug-file - Local scan or download hmscore sdk components toolchains,ets,native
[2026-07-21T18:05:50.199] [DEBUG] debug-file - Module App_Present-BUPT.GAFA Collected Dependency: 
[2026-07-21T18:05:50.209] [DEBUG] debug-file - Executing task ::clean
[2026-07-21T18:05:50.205] [DEBUG] debug-file - Configuration phase cost:3 s 628 ms 
[2026-07-21T18:05:50.181] [DEBUG] debug-file - End initialize module-target build option map, moduleName=entry
[2026-07-21T18:05:50.232] [DEBUG] debug-file - Clear worker 0.
[2026-07-21T18:05:50.162] [DEBUG] debug-file - hvigorfile, resolving D:\GitRespositore\App_Present-BUPT.GAFA\entry\hvigorfile.ts
[2026-07-21T18:05:50.199] [DEBUG] debug-file - Module App_Present-BUPT.GAFA's total dependency: 0
[2026-07-21T18:05:50.209] [DEBUG] debug-file - clean: Worker pool is inactive.
[2026-07-21T18:05:50.206] [DEBUG] debug-file - Configuration task cost before running: 3 s 636 ms 
[2026-07-21T18:05:50.181] [DEBUG] debug-file - Start initialize module-target build option map, moduleName=entry, buildMode=release
[2026-07-21T18:05:50.232] [DEBUG] debug-file - Worker 0 has been cleared.
[2026-07-21T18:05:50.167] [DEBUG] debug-file - hvigorfile, require result:  { default: { system: [Function: hapTasks], plugins: [] } }
[2026-07-21T18:05:50.209] [DEBUG] debug-file - App_Present-BUPT.GAFA : clean cost memory 0.020050048828125
[2026-07-21T18:05:50.206] [DEBUG] debug-file - Executing task :entry:clean
[2026-07-21T18:05:50.181] [DEBUG] debug-file - Target 'default' config initialized
[2026-07-21T18:05:50.232] [DEBUG] debug-file - Current idle worker size: 1.
[2026-07-21T18:05:50.167] [DEBUG] debug-file - hvigorfile, binding system plugins [Function: hapTasks]
[2026-07-21T18:05:50.209] [DEBUG] debug-file - runTaskFromQueue task cost before running: 3 s 639 ms 
[2026-07-21T18:05:50.232] [DEBUG] debug-file - Current busy worker size: 0.
[2026-07-21T18:05:50.181] [DEBUG] debug-file - Module 'entry' target 'default' build option initialized
[2026-07-21T18:05:50.167] [DEBUG] debug-file - Starting plugin build process
[2026-07-21T18:05:50.206] [DEBUG] debug-file - clean: Worker pool is inactive.
[2026-07-21T18:05:50.209] [INFO] debug-file - Finished ::clean... after 1 ms 
[2026-07-21T18:05:50.232] [DEBUG] debug-file - Clear worker 1.
[2026-07-21T18:05:50.181] [DEBUG] debug-file - End initialize module-target build option map, moduleName=entry
[2026-07-21T18:05:50.167] [DEBUG] debug-file - Hap plugin creating...
[2026-07-21T18:05:50.209] [DEBUG] debug-file - Executing task :entry:init
[2026-07-21T18:05:50.232] [DEBUG] debug-file - Worker 1 has been cleared.
[2026-07-21T18:05:50.181] [DEBUG] debug-file - Start initialize module-target build option map, moduleName=entry, buildMode=debug
[2026-07-21T18:05:50.209] [DEBUG] debug-file - entry : init cost memory 0.0126953125
[2026-07-21T18:05:50.232] [DEBUG] debug-file - Current idle worker size: 0.
[2026-07-21T18:05:50.181] [DEBUG] debug-file - Target 'default' config initialized
[2026-07-21T18:05:50.209] [DEBUG] debug-file - runTaskFromQueue task cost before running: 3 s 640 ms 
[2026-07-21T18:05:50.232] [DEBUG] debug-file - Current busy worker size: 0.
[2026-07-21T18:05:50.181] [DEBUG] debug-file - Module 'entry' target 'default' build option initialized
[2026-07-21T18:05:50.233] [DEBUG] debug-file - hvigor build process will be closed.
[2026-07-21T18:05:50.181] [DEBUG] debug-file - End initialize module-target build option map, moduleName=entry
[2026-07-21T18:05:50.209] [INFO] debug-file - Finished :entry:init... after 1 ms 
[2026-07-21T18:05:50.236] [DEBUG] debug-file - worker[0] exits with exit code 0.
[2026-07-21T18:05:50.181] [DEBUG] debug-file - Obtain build option for module 'entry' target 'default'in this build.
[2026-07-21T18:05:50.209] [DEBUG] debug-file - Executing task ::init
[2026-07-21T18:05:50.236] [DEBUG] debug-file - worker[1] exits with exit code 0.
[2026-07-21T18:05:50.185] [DEBUG] debug-file - Module entry task initialization takes 3 ms 
[2026-07-21T18:05:50.237] [DEBUG] debug-file - Current worker pool is terminated.
[2026-07-21T18:05:50.210] [DEBUG] debug-file - App_Present-BUPT.GAFA : init cost memory 0.01186370849609375
[2026-07-21T18:05:50.185] [DEBUG] debug-file - Hap plugin register hook start...
[2026-07-21T18:05:50.185] [DEBUG] debug-file - Hap plugin register hook end...
[2026-07-21T18:05:50.210] [DEBUG] debug-file - runTaskFromQueue task cost before running: 3 s 640 ms 
[2026-07-21T18:05:50.185] [DEBUG] debug-file - Plugin build process completed
[2026-07-21T18:05:50.210] [INFO] debug-file - Finished ::init... after 1 ms 
[2026-07-21T18:05:50.185] [DEBUG] debug-file - hvigorfile, begin to bind custom plugins...
[2026-07-21T18:05:50.221] [DEBUG] debug-file - Obtain build option for module 'entry' target 'default'in this build.
[2026-07-21T18:05:50.185] [DEBUG] debug-file - hvigorfile, no custom plugins were found in D:\GitRespositore\App_Present-BUPT.GAFA\entry\hvigorfile.ts
[2026-07-21T18:05:50.226] [DEBUG] debug-file - Since there is no instance or instance is terminated, create a new worker pool.
[2026-07-21T18:05:50.185] [DEBUG] debug-file - hvigorfile, resolve finished D:\GitRespositore\App_Present-BUPT.GAFA\entry\hvigorfile.ts
[2026-07-21T18:05:50.226] [DEBUG] debug-file - Worker pool is initialized with config:  {
  minPoolNum: 2,
  maxPoolNum: undefined,
  maxCoreSize: undefined,
  cacheCapacity: undefined,
  cacheTtl: undefined
}
[2026-07-21T18:12:09.177] [DEBUG] debug-file - env: nodejsVersion=v18.20.1
[2026-07-21T18:12:09.239] [DEBUG] debug-file - begin to create new key files
[2026-07-21T18:12:09.178] [DEBUG] debug-file - env: hvigor-config.json5 content = {
  modelVersion: '5.0.0',
  dependencies: {},
  execution: {
    analyze: 'normal',
    daemon: true,
    incremental: true,
    parallel: true,
    typeCheck: false
  },
  logging: { level: 'info' }
}
[2026-07-21T18:12:09.275] [DEBUG] debug-file - env: daemon=true
[2026-07-21T18:12:10.645] [DEBUG] debug-file - hvigor java daemon: Starting java daemon. jvmXmxValue=512m, jarPath=D:\Program Files\Huawei\DevEco Studio\tools\hvigor\hvigor\lib\hvigor-java-daemon.jar
[2026-07-21T18:12:10.646] [DEBUG] debug-file - hvigor java daemon: Read cache file, 
    port=undefined, pid=undefined, sessionId exists=false
[2026-07-21T18:12:10.646] [DEBUG] debug-file - hvigor java daemon: No valid cache info, will start new daemon
[2026-07-21T18:12:10.724] [DEBUG] debug-file - java daemon started at port 45050 pid 26772
[2026-07-21T18:12:10.793] [DEBUG] debug-file - session manager: set active socket. socketId=2N6smol34pRMQQHvAAAB
[2026-07-21T18:12:12.123] [DEBUG] debug-file - watch worker: worker id should be larger than 0. Nothing will be sent to any worker thread.
[2026-07-21T18:12:12.129] [DEBUG] debug-file - Since there is no instance or instance is terminated, create a new worker pool.
[2026-07-21T18:12:12.130] [DEBUG] debug-file - Worker pool is initialized with config:  {
  minPoolNum: 2,
  maxPoolNum: undefined,
  maxCoreSize: undefined,
  cacheCapacity: undefined,
  cacheTtl: undefined
}
[2026-07-21T18:12:12.130] [DEBUG] debug-file - Create  resident worker with id: 0.
[2026-07-21T18:12:12.132] [DEBUG] debug-file - Create  resident worker with id: 1.
[2026-07-21T18:12:12.134] [DEBUG] debug-file - Workers' log level updated to INFO
[2026-07-21T18:12:12.141] [DEBUG] debug-file - Hvigor init with startParameters:{
  hvigorfileTypeCheck: false,
  parallelExecution: true,
  incrementalExecution: true,
  printStackTrace: false,
  daemon: true,
  analyze: 0,
  logLevel: Level { level: 20000, levelStr: 'INFO', colour: 'green' },
  optimizationStrategy: 'memory',
  hotCompile: undefined,
  hotReloadBuild: undefined,
  customizedParam: undefined
}
[2026-07-21T18:12:12.143] [DEBUG] debug-file - Cache service initialization finished in 2 ms 
[2026-07-21T18:12:12.145] [DEBUG] debug-file - hvigorfile, resolving D:\GitRespositore\App_Present-BUPT.GAFA\hvigorfile.ts
[2026-07-21T18:12:15.357] [DEBUG] debug-file - hvigorfile, require result:  { default: { plugins: [] } }
[2026-07-21T18:12:15.357] [DEBUG] debug-file - hvigorfile, binding system plugins null
[2026-07-21T18:12:15.358] [DEBUG] debug-file - Starting plugin build process
[2026-07-21T18:12:15.358] [DEBUG] debug-file - App plugin prepare start...
[2026-07-21T18:12:15.358] [DEBUG] debug-file - App plugin prepare end...
[2026-07-21T18:12:15.358] [DEBUG] debug-file - App plugin creating...
[2026-07-21T18:12:15.535] [DEBUG] debug-file - App plugin register hook start...
[2026-07-21T18:12:15.535] [DEBUG] debug-file - App plugin register hook end...
[2026-07-21T18:12:15.535] [DEBUG] debug-file - Plugin build process completed
[2026-07-21T18:12:15.536] [DEBUG] debug-file - Start initialize project's product build option map with build mode debug.
[2026-07-21T18:12:15.536] [DEBUG] debug-file - Picking option from product 'default' with build mode 'debug'.
[2026-07-21T18:12:15.537] [DEBUG] debug-file - Product 'default' build option initialized
[2026-07-21T18:12:15.537] [DEBUG] debug-file - End initialize project's product build option map with build mode 'debug'.
[2026-07-21T18:12:15.539] [DEBUG] debug-file - Obtain build option for product 'default'in this build.
[2026-07-21T18:12:15.541] [DEBUG] debug-file - No signingConfig found, initRemoteHspCache failed.
[2026-07-21T18:12:15.543] [DEBUG] debug-file - Local scan or download HarmonyOS sdk components toolchains,ets,js,native,previewer
[2026-07-21T18:12:15.546] [DEBUG] debug-file - Local scan or download hmscore sdk components toolchains,ets,native
[2026-07-21T18:12:15.548] [DEBUG] debug-file - Start recording SDK configuration permission data.
[2026-07-21T18:12:15.584] [DEBUG] debug-file - Sdk init in 43 ms 
[2026-07-21T18:12:15.591] [DEBUG] debug-file - Project task initialization takes 6 ms 
[2026-07-21T18:12:15.591] [DEBUG] debug-file - hvigorfile, begin to bind custom plugins...
[2026-07-21T18:12:15.592] [DEBUG] debug-file - hvigorfile, no custom plugins were found in D:\GitRespositore\App_Present-BUPT.GAFA\hvigorfile.ts
[2026-07-21T18:12:15.592] [DEBUG] debug-file - hvigorfile, resolve finished D:\GitRespositore\App_Present-BUPT.GAFA\hvigorfile.ts
[2026-07-21T18:12:15.593] [DEBUG] debug-file - hvigorfile, resolving D:\GitRespositore\App_Present-BUPT.GAFA\entry\hvigorfile.ts
[2026-07-21T18:12:15.600] [DEBUG] debug-file - hvigorfile, require result:  { default: { plugins: [] } }
[2026-07-21T18:12:15.600] [DEBUG] debug-file - hvigorfile, binding system plugins null
[2026-07-21T18:12:15.600] [DEBUG] debug-file - Starting plugin build process
[2026-07-21T18:12:15.600] [DEBUG] debug-file - Hap plugin creating...
[2026-07-21T18:12:15.602] [DEBUG] debug-file - failed to load cangjie to dynamically generate schemas: Error: Cannot find module '@ohos/cangjie-build-support/index'
Require stack:
- D:\Program Files\Huawei\DevEco Studio\tools\hvigor\hvigor-ohos-plugin\src\plugin\hooks\cangjie-register.js
- D:\Program Files\Huawei\DevEco Studio\tools\hvigor\hvigor-ohos-plugin\src\plugin\strategy\stage-init-strategy.js
- D:\Program Files\Huawei\DevEco Studio\tools\hvigor\hvigor-ohos-plugin\src\plugin\builder\abstract-plugin-builder.js
- D:\Program Files\Huawei\DevEco Studio\tools\hvigor\hvigor-ohos-plugin\src\plugin\builder\app-plugin-builder.js
- D:\Program Files\Huawei\DevEco Studio\tools\hvigor\hvigor-ohos-plugin\src\plugin\factory\plugin-factory.js
- D:\Program Files\Huawei\DevEco Studio\tools\hvigor\hvigor-ohos-plugin\index.js
- D:\GitRespositore\App_Present-BUPT.GAFA\hvigorfile.ts
- D:\Program Files\Huawei\DevEco Studio\tools\hvigor\hvigor\src\base\internal\lifecycle\configuration.js
- D:\Program Files\Huawei\DevEco Studio\tools\hvigor\hvigor\src\base\boot\index.js
- D:\Program Files\Huawei\DevEco Studio\tools\hvigor\hvigor\src\base\daemon\cluster\worker-process-lifecycle.js
- D:\Program Files\Huawei\DevEco Studio\tools\hvigor\hvigor\src\base\daemon\process\daemon-process-boot-script.js
[2026-07-21T18:12:15.617] [DEBUG] debug-file - Start initialize module-target build option map, moduleName=entry, buildMode=debug
[2026-07-21T18:12:15.617] [DEBUG] debug-file - Target 'default' config initialized
[2026-07-21T18:12:15.618] [DEBUG] debug-file - Module 'entry' target 'default' build option initialized
[2026-07-21T18:12:15.618] [DEBUG] debug-file - End initialize module-target build option map, moduleName=entry
[2026-07-21T18:12:15.618] [DEBUG] debug-file - Start initialize module-target build option map, moduleName=entry, buildMode=release
[2026-07-21T18:12:15.618] [DEBUG] debug-file - Target 'default' config initialized
[2026-07-21T18:12:15.619] [DEBUG] debug-file - Module 'entry' target 'default' build option initialized
[2026-07-21T18:12:15.619] [DEBUG] debug-file - End initialize module-target build option map, moduleName=entry
[2026-07-21T18:12:15.619] [DEBUG] debug-file - Start initialize module-target build option map, moduleName=entry, buildMode=debug
[2026-07-21T18:12:15.619] [DEBUG] debug-file - Target 'default' config initialized
[2026-07-21T18:12:15.619] [DEBUG] debug-file - Module 'entry' target 'default' build option initialized
[2026-07-21T18:12:15.619] [DEBUG] debug-file - End initialize module-target build option map, moduleName=entry
[2026-07-21T18:12:15.619] [DEBUG] debug-file - Obtain build option for module 'entry' target 'default'in this build.
[2026-07-21T18:12:15.625] [DEBUG] debug-file - Module entry task initialization takes 4 ms 
[2026-07-21T18:12:15.625] [DEBUG] debug-file - Hap plugin register hook start...
[2026-07-21T18:12:15.625] [DEBUG] debug-file - Hap plugin register hook end...
[2026-07-21T18:12:15.625] [DEBUG] debug-file - Plugin build process completed
[2026-07-21T18:12:15.625] [DEBUG] debug-file - hvigorfile, begin to bind custom plugins...
[2026-07-21T18:12:15.625] [DEBUG] debug-file - hvigorfile, no custom plugins were found in D:\GitRespositore\App_Present-BUPT.GAFA\entry\hvigorfile.ts
[2026-07-21T18:12:15.625] [DEBUG] debug-file - hvigorfile, resolve finished D:\GitRespositore\App_Present-BUPT.GAFA\entry\hvigorfile.ts
[2026-07-21T18:12:15.644] [DEBUG] debug-file - hvigorfile, resolve hvigorfile dependencies in 19 ms 
[2026-07-21T18:12:15.644] [DEBUG] debug-file - project has submodules:entry
[2026-07-21T18:12:15.647] [DEBUG] debug-file - start to load updatedOhPackageInfo to the disk
[2026-07-21T18:12:15.650] [DEBUG] debug-file - load to the disk finished
[2026-07-21T18:12:15.651] [DEBUG] debug-file - Start to initialize dependency information.
[2026-07-21T18:12:15.664] [DEBUG] debug-file - Module App_Present-BUPT.GAFA Collected Dependency: 
[2026-07-21T18:12:15.664] [DEBUG] debug-file - Module App_Present-BUPT.GAFA's total dependency: 0
[2026-07-21T18:12:15.665] [DEBUG] debug-file - Start to initialize dependency information.
[2026-07-21T18:12:15.668] [DEBUG] debug-file - Module entry Collected Dependency: 
[2026-07-21T18:12:15.668] [DEBUG] debug-file - Module entry's total dependency: 0
[2026-07-21T18:12:15.672] [DEBUG] debug-file - Configuration phase cost:3 s 529 ms 
[2026-07-21T18:12:15.675] [DEBUG] debug-file - Configuration task cost before running: 3 s 540 ms 
[2026-07-21T18:12:15.682] [DEBUG] debug-file - Executing task :entry:default@PreBuild
[2026-07-21T18:12:15.684] [WARN] debug-file - The project has not explicitly set the 'targetSdkVersion' version at build-profile.json5. It is recommended to configure it. Reference: https://developer.huawei.com/consumer/cn/doc/harmonyos-guides/ide-hvigor-build-profile-app#section45865492619
[2026-07-21T18:12:15.689] [DEBUG] debug-file - Task 'entry:default@PreBuild' cost while wrapping incremental declarations: 1 ms 
[2026-07-21T18:12:15.830] [DEBUG] debug-file - current product is not Atomic service.
[2026-07-21T18:12:15.831] [DEBUG] debug-file - Use tool [win32: JAVA_HOME, CLASSPATH]
 [
  { JAVA_HOME: 'D:\\Program Files\\Huawei\\DevEco Studio\\jbr' },
  { CLASSPATH: undefined }
]
[2026-07-21T18:12:15.831] [DEBUG] debug-file - Use tool [win32: NODE_HOME]
 [
  {
    NODE_HOME: 'D:\\Program Files\\Huawei\\DevEco Studio\\tools\\node'
  }
]
[2026-07-21T18:12:15.832] [DEBUG] debug-file - entry : default@PreBuild cost memory -1.1203384399414062
[2026-07-21T18:12:15.832] [DEBUG] debug-file - runTaskFromQueue task cost before running: 3 s 697 ms 
[2026-07-21T18:12:15.834] [INFO] debug-file - Finished :entry:default@PreBuild... after 151 ms 
[2026-07-21T18:12:15.835] [DEBUG] debug-file - Executing task :entry:default@CreateModuleInfo
[2026-07-21T18:12:15.836] [DEBUG] debug-file - Task 'entry:default@CreateModuleInfo' cost while wrapping incremental declarations: 1 ms 
[2026-07-21T18:12:15.836] [DEBUG] debug-file - entry : default@CreateModuleInfo cost memory 0.0425872802734375
[2026-07-21T18:12:15.836] [DEBUG] debug-file - runTaskFromQueue task cost before running: 3 s 702 ms 
[2026-07-21T18:12:15.836] [INFO] debug-file - Finished :entry:default@CreateModuleInfo... after 1 ms 
[2026-07-21T18:12:15.838] [DEBUG] debug-file - Executing task :entry:default@GenerateMetadata
[2026-07-21T18:12:15.838] [DEBUG] debug-file - Task 'entry:default@GenerateMetadata' cost while wrapping incremental declarations: 1 ms 
[2026-07-21T18:12:15.842] [DEBUG] debug-file - entry : default@GenerateMetadata cost memory 0.06284332275390625
[2026-07-21T18:12:15.842] [DEBUG] debug-file - runTaskFromQueue task cost before running: 3 s 708 ms 
[2026-07-21T18:12:15.842] [INFO] debug-file - Finished :entry:default@GenerateMetadata... after 5 ms 
[2026-07-21T18:12:15.844] [DEBUG] debug-file - Executing task :entry:default@ConfigureCmake
[2026-07-21T18:12:15.844] [DEBUG] debug-file - entry : default@ConfigureCmake cost memory 0.0144805908203125
[2026-07-21T18:12:15.844] [DEBUG] debug-file - runTaskFromQueue task cost before running: 3 s 709 ms 
[2026-07-21T18:12:15.844] [INFO] debug-file - Finished :entry:default@ConfigureCmake... after 1 ms 
[2026-07-21T18:12:15.845] [DEBUG] debug-file - Executing task :entry:default@MergeProfile
[2026-07-21T18:12:15.846] [DEBUG] debug-file - Task 'entry:default@MergeProfile' cost while wrapping incremental declarations: 1 ms 
[2026-07-21T18:12:15.846] [DEBUG] debug-file - Change app api release type with 'Release'
[2026-07-21T18:12:15.847] [DEBUG] debug-file - Change app compile API version with '6.1.1.125'
[2026-07-21T18:12:15.847] [DEBUG] debug-file - Change app target API version with '60101024'
[2026-07-21T18:12:15.847] [DEBUG] debug-file - Change app minimum API version with '50000012'
[2026-07-21T18:12:15.847] [DEBUG] debug-file - Use cli appEnvironment
[2026-07-21T18:12:15.849] [DEBUG] debug-file - entry : default@MergeProfile cost memory 0.14469146728515625
[2026-07-21T18:12:15.849] [DEBUG] debug-file - runTaskFromQueue task cost before running: 3 s 715 ms 
[2026-07-21T18:12:15.850] [INFO] debug-file - Finished :entry:default@MergeProfile... after 5 ms 
[2026-07-21T18:12:15.851] [DEBUG] debug-file - Executing task :entry:default@CreateBuildProfile
[2026-07-21T18:12:15.852] [DEBUG] debug-file - Task 'entry:default@CreateBuildProfile' cost while wrapping incremental declarations: 1 ms 
[2026-07-21T18:12:15.854] [DEBUG] debug-file - entry : default@CreateBuildProfile cost memory 0.06972503662109375
[2026-07-21T18:12:15.854] [DEBUG] debug-file - runTaskFromQueue task cost before running: 3 s 720 ms 
[2026-07-21T18:12:15.854] [INFO] debug-file - Finished :entry:default@CreateBuildProfile... after 3 ms 
[2026-07-21T18:12:15.856] [DEBUG] debug-file - Executing task :entry:default@PreCheckSyscap
[2026-07-21T18:12:15.856] [DEBUG] debug-file - entry : default@PreCheckSyscap cost memory 0.01471710205078125
[2026-07-21T18:12:15.856] [DEBUG] debug-file - runTaskFromQueue task cost before running: 3 s 722 ms 
[2026-07-21T18:12:15.856] [INFO] debug-file - Finished :entry:default@PreCheckSyscap... after 1 ms 
[2026-07-21T18:12:15.859] [DEBUG] debug-file - Executing task :entry:default@GeneratePkgContextInfo
[2026-07-21T18:12:15.869] [DEBUG] debug-file - Task 'entry:default@GeneratePkgContextInfo' cost while wrapping incremental declarations: 1 ms 
[2026-07-21T18:12:15.869] [DEBUG] debug-file - entry : default@GeneratePkgContextInfo cost memory 0.48423004150390625
[2026-07-21T18:12:15.869] [DEBUG] debug-file - runTaskFromQueue task cost before running: 3 s 735 ms 
[2026-07-21T18:12:15.870] [INFO] debug-file - Finished :entry:default@GeneratePkgContextInfo... after 11 ms 
[2026-07-21T18:12:15.871] [DEBUG] debug-file - Executing task :entry:default@GeneratePkgSdkInfo
[2026-07-21T18:12:15.874] [DEBUG] debug-file - Task 'entry:default@GeneratePkgSdkInfo' cost while wrapping incremental declarations: 1 ms 
[2026-07-21T18:12:15.875] [DEBUG] debug-file - entry : default@GeneratePkgSdkInfo cost memory 0.13898468017578125
[2026-07-21T18:12:15.875] [DEBUG] debug-file - runTaskFromQueue task cost before running: 3 s 740 ms 
[2026-07-21T18:12:15.875] [INFO] debug-file - Finished :entry:default@GeneratePkgSdkInfo... after 4 ms 
[2026-07-21T18:12:15.879] [DEBUG] debug-file - Executing task :entry:default@ProcessIntegratedHsp
[2026-07-21T18:12:15.879] [DEBUG] debug-file - entry : default@ProcessIntegratedHsp cost memory 0.028228759765625
[2026-07-21T18:12:15.880] [DEBUG] debug-file - runTaskFromQueue task cost before running: 3 s 745 ms 
[2026-07-21T18:12:15.880] [INFO] debug-file - Finished :entry:default@ProcessIntegratedHsp... after 1 ms 
[2026-07-21T18:12:15.881] [DEBUG] debug-file - Executing task :entry:default@BuildNativeWithCmake
[2026-07-21T18:12:15.881] [DEBUG] debug-file - entry : default@BuildNativeWithCmake cost memory 0.0151214599609375
[2026-07-21T18:12:15.881] [DEBUG] debug-file - runTaskFromQueue task cost before running: 3 s 747 ms 
[2026-07-21T18:12:15.881] [INFO] debug-file - Finished :entry:default@BuildNativeWithCmake... after 1 ms 
[2026-07-21T18:12:15.882] [DEBUG] debug-file - Executing task :entry:default@MakePackInfo
[2026-07-21T18:12:15.884] [DEBUG] debug-file - Module Pack Info:  {
  summary: {
    app: { bundleName: 'c***t', bundleType: 'app', version: [Object] },
    modules: [ [Object] ]
  },
  packages: [
    {
      deviceType: [Array],
      moduleType: 'entry',
      deliveryWithInstall: true,
      name: 'entry-default'
    }
  ]
}
[2026-07-21T18:12:15.885] [DEBUG] debug-file - entry : default@MakePackInfo cost memory 0.097137451171875
[2026-07-21T18:12:15.886] [DEBUG] debug-file - runTaskFromQueue task cost before running: 3 s 751 ms 
[2026-07-21T18:12:15.886] [INFO] debug-file - Finished :entry:default@MakePackInfo... after 4 ms 
[2026-07-21T18:12:15.887] [DEBUG] debug-file - Executing task :entry:default@SyscapTransform
[2026-07-21T18:12:15.888] [DEBUG] debug-file - File: 'D:\GitRespositore\App_Present-BUPT.GAFA\entry\src\main\syscap.json' from 'sysCapJsonPath' is not exists, just ignore.
[2026-07-21T18:12:15.888] [DEBUG] debug-file - Task 'entry:default@SyscapTransform' cost while wrapping incremental declarations: 1 ms 
[2026-07-21T18:12:15.889] [DEBUG] debug-file - entry : default@SyscapTransform cost memory 0.05477142333984375
[2026-07-21T18:12:15.889] [DEBUG] debug-file - runTaskFromQueue task cost before running: 3 s 755 ms 
[2026-07-21T18:12:15.889] [INFO] debug-file - Finished :entry:default@SyscapTransform... after 2 ms 
[2026-07-21T18:12:15.891] [DEBUG] debug-file - Executing task :entry:default@ProcessProfile
[2026-07-21T18:12:15.892] [DEBUG] debug-file - Task 'entry:default@ProcessProfile' cost while wrapping incremental declarations: 1 ms 
[2026-07-21T18:12:15.895] [DEBUG] debug-file - [
  'D:\\Program Files\\Huawei\\DevEco Studio\\tools\\node\\node.exe',
  'D:\\Program Files\\Huawei\\DevEco Studio\\sdk\\default\\openharmony\\ets\\build-tools\\ets-loader\\bin\\ark\\ts2abc.js',
  '--target-api-version',
  '12',
  '--target-api-sub-version',
  'beta1'
]
[2026-07-21T18:12:16.450] [DEBUG] debug-file - 12.0.2.0
[2026-07-21T18:12:16.452] [DEBUG] debug-file - No need to add fake ui ability because of not in preview process.
[2026-07-21T18:12:16.454] [DEBUG] debug-file - entry : default@ProcessProfile cost memory 2.0745315551757812
[2026-07-21T18:12:16.454] [DEBUG] debug-file - runTaskFromQueue task cost before running: 4 s 320 ms 
[2026-07-21T18:12:16.455] [INFO] debug-file - Finished :entry:default@ProcessProfile... after 564 ms 
[2026-07-21T18:12:16.456] [DEBUG] debug-file - Executing task :entry:default@ProcessRouterMap
[2026-07-21T18:12:16.460] [DEBUG] debug-file - entry : default@ProcessRouterMap cost memory 0.08327484130859375
[2026-07-21T18:12:16.460] [DEBUG] debug-file - runTaskFromQueue task cost before running: 4 s 326 ms 
[2026-07-21T18:12:16.461] [INFO] debug-file - Finished :entry:default@ProcessRouterMap... after 5 ms 
[2026-07-21T18:12:16.463] [DEBUG] debug-file - Executing task :entry:default@ProcessShareConfig
[2026-07-21T18:12:16.465] [DEBUG] debug-file - entry : default@ProcessShareConfig cost memory 0.06383514404296875
[2026-07-21T18:12:16.466] [DEBUG] debug-file - runTaskFromQueue task cost before running: 4 s 331 ms 
[2026-07-21T18:12:16.466] [INFO] debug-file - Finished :entry:default@ProcessShareConfig... after 3 ms 
[2026-07-21T18:12:16.467] [DEBUG] debug-file - Executing task :entry:default@ProcessStartupConfig
[2026-07-21T18:12:16.468] [DEBUG] debug-file - Task 'entry:default@ProcessStartupConfig' cost while wrapping incremental declarations: 1 ms 
[2026-07-21T18:12:16.468] [DEBUG] debug-file - entry : default@ProcessStartupConfig cost memory 0.05899810791015625
[2026-07-21T18:12:16.469] [DEBUG] debug-file - runTaskFromQueue task cost before running: 4 s 334 ms 
[2026-07-21T18:12:16.469] [INFO] debug-file - Finished :entry:default@ProcessStartupConfig... after 2 ms 
[2026-07-21T18:12:16.470] [DEBUG] debug-file - Executing task :entry:default@BuildNativeWithNinja
[2026-07-21T18:12:16.472] [DEBUG] debug-file - entry : default@BuildNativeWithNinja cost memory 0.02658843994140625
[2026-07-21T18:12:16.472] [DEBUG] debug-file - runTaskFromQueue task cost before running: 4 s 337 ms 
[2026-07-21T18:12:16.472] [INFO] debug-file - Finished :entry:default@BuildNativeWithNinja... after 2 ms 
[2026-07-21T18:12:16.474] [DEBUG] debug-file - restool module names: entry; moduleName=entry, taskName=default@ProcessResource
[2026-07-21T18:12:16.477] [DEBUG] debug-file - Executing task :entry:default@ProcessResource
[2026-07-21T18:12:16.478] [DEBUG] debug-file - Task 'entry:default@ProcessResource' cost while wrapping incremental declarations: 1 ms 
[2026-07-21T18:12:16.480] [DEBUG] debug-file - entry : default@ProcessResource cost memory 0.12158203125
[2026-07-21T18:12:16.482] [DEBUG] debug-file - runTaskFromQueue task cost before running: 4 s 347 ms 
[2026-07-21T18:12:16.483] [INFO] debug-file - Finished :entry:default@ProcessResource... after 5 ms 
[2026-07-21T18:12:16.486] [DEBUG] debug-file - Executing task :entry:default@GenerateLoaderJson
[2026-07-21T18:12:16.486] [DEBUG] debug-file - Task 'entry:default@GenerateLoaderJson' cost while wrapping incremental declarations: 1 ms 
[2026-07-21T18:12:16.497] [DEBUG] debug-file - entry : default@GenerateLoaderJson cost memory 0.48480224609375
[2026-07-21T18:12:16.497] [DEBUG] debug-file - runTaskFromQueue task cost before running: 4 s 363 ms 
[2026-07-21T18:12:16.501] [INFO] debug-file - Finished :entry:default@GenerateLoaderJson... after 12 ms 
[2026-07-21T18:12:16.502] [DEBUG] debug-file - Executing task :entry:default@ProcessLibs
[2026-07-21T18:12:16.507] [DEBUG] debug-file - Worker dispatch failed, running processLibs on main thread.
[2026-07-21T18:12:16.509] [DEBUG] debug-file - entry : default@ProcessLibs cost memory 0.5344467163085938
[2026-07-21T18:12:16.509] [DEBUG] debug-file - runTaskFromQueue task cost before running: 4 s 374 ms 
[2026-07-21T18:12:16.509] [INFO] debug-file - Finished :entry:default@ProcessLibs... after 8 ms 
[2026-07-21T18:12:16.511] [DEBUG] debug-file - restool module names: entry; moduleName=entry, taskName=default@CompileResource
[2026-07-21T18:12:16.511] [DEBUG] debug-file - Executing task :entry:default@CompileResource
[2026-07-21T18:12:16.522] [DEBUG] debug-file - Use tool [D:\Program Files\Huawei\DevEco Studio\sdk\default\openharmony\toolchains\restool.exe]
 [
  'D:\\Program Files\\Huawei\\DevEco Studio\\sdk\\default\\openharmony\\toolchains\\restool.exe',
  '-l',
  'D:\\GitRespositore\\App_Present-BUPT.GAFA\\entry\\build\\default\\intermediates\\res\\default\\resConfig.json'
]
[2026-07-21T18:12:16.523] [DEBUG] debug-file - current process  memoryUsage: {
  rss: 270458880,
  heapTotal: 167653376,
  heapUsed: 142100536,
  external: 3073560,
  arrayBuffers: 176996
} os memoryUsage :14.084232330322266
[2026-07-21T18:12:16.718] [DEBUG] debug-file - Info: Pack: normal pack mode

[2026-07-21T18:12:17.401] [DEBUG] debug-file - Info: hardware concurrency count is : 32
Info: thread count is : 32

[2026-07-21T18:12:17.401] [DEBUG] debug-file - Info: thread pool is started

[2026-07-21T18:12:17.402] [DEBUG] debug-file - Info: GenericCompiler::CompileFiles

[2026-07-21T18:12:17.406] [DEBUG] debug-file - Info: GenericCompiler::CompileFiles

[2026-07-21T18:12:17.406] [DEBUG] debug-file - Warning: 'D:\GitRespositore\App_Present-BUPT.GAFA\entry\src\main\resources\base\media\app_icon.svg' is defined repeatedly.
Info: GenericCompiler::CompileFiles

[2026-07-21T18:12:17.411] [DEBUG] debug-file - 07-21 18:12:17.412 14444  3608 E C01400/ImageTranscoderUtils: DecodeToRGBA IN
07-21 18:12:17.412 14444  3608 E C01400/ImageTranscoderUtils: ImageFilter IN D:\GitRespositore\App_Present-BUPT.GAFA\AppScope\resources\base\media\app_icon.svg

[2026-07-21T18:12:17.414] [DEBUG] debug-file - 07-21 18:12:17.414 14444  3608 E C01400/ImageTranscoder: TranscodeSLR DecodeToRGBA failed
Warning: ScaleImage failed, error message: IMAGE_ERROR, file path = D:\GitRespositore\App_Present-BUPT.GAFA\AppScope\resources\base\media\app_icon.svg

[2026-07-21T18:12:17.415] [DEBUG] debug-file - Warning: D:\GitRespositore\App_Present-BUPT.GAFA\AppScope\resources\base\media\app_icon.svg is not png format

[2026-07-21T18:12:17.416] [DEBUG] debug-file - Warning: D:\GitRespositore\App_Present-BUPT.GAFA\AppScope\resources\base\media\app_icon.svg is not png format

[2026-07-21T18:12:17.417] [DEBUG] debug-file - Info: restool resources compile success.

[2026-07-21T18:12:17.418] [DEBUG] debug-file - Info: thread pool is stopped

[2026-07-21T18:12:17.490] [DEBUG] debug-file - entry : default@CompileResource cost memory 0.7786712646484375
[2026-07-21T18:12:17.490] [DEBUG] debug-file - runTaskFromQueue task cost before running: 5 s 356 ms 
[2026-07-21T18:12:17.492] [INFO] debug-file - Finished :entry:default@CompileResource... after 979 ms 
[2026-07-21T18:12:17.494] [DEBUG] debug-file - Executing task :entry:default@DoNativeStrip
[2026-07-21T18:12:17.494] [DEBUG] debug-file - File: 'D:\GitRespositore\App_Present-BUPT.GAFA\entry\build\default\intermediates\binxo\default' from 'doBinxoNativeLibs' is not exists, just ignore.
[2026-07-21T18:12:17.494] [DEBUG] debug-file - Task 'entry:default@DoNativeStrip' cost while wrapping incremental declarations: 1 ms 
[2026-07-21T18:12:17.497] [DEBUG] debug-file - entry : default@DoNativeStrip cost memory 0.074188232421875
[2026-07-21T18:12:17.497] [DEBUG] debug-file - runTaskFromQueue task cost before running: 5 s 362 ms 
[2026-07-21T18:12:17.497] [INFO] debug-file - Finished :entry:default@DoNativeStrip... after 4 ms 
[2026-07-21T18:12:17.499] [DEBUG] debug-file - Executing task :entry:default@CompileArkTS
[2026-07-21T18:12:17.500] [DEBUG] debug-file - obfuscationOptions: undefined
[2026-07-21T18:12:17.501] [DEBUG] debug-file - Task 'entry:default@CompileArkTS' cost while wrapping incremental declarations: 1 ms 
[2026-07-21T18:12:17.522] [DEBUG] debug-file - build config:
[2026-07-21T18:12:17.522] [DEBUG] debug-file - {
  moduleType: 'entry',
  perf: 0,
  targetName: '.default',
  packageManagerType: 'ohpm',
  localPropertiesPath: 'D:\\GitRespositore\\App_Present-BUPT.GAFA\\local.properties',
  isPreview: false,
  isOhosTest: false,
  isLocalTest: false,
  buildMode: 'Debug',
  hotReloadBuild: undefined,
  watchMode: 'false',
  aceProfilePath: 'D:\\GitRespositore\\App_Present-BUPT.GAFA\\entry\\build\\default\\intermediates\\res\\default\\resources\\base\\profile',
  etsLoaderPath: 'D:\\Program Files\\Huawei\\DevEco Studio\\sdk\\default\\openharmony\\ets\\build-tools\\ets-loader',
  modulePath: 'D:\\GitRespositore\\App_Present-BUPT.GAFA\\entry',
  testFrameworkPar: {
    testMode: undefined,
    coveragePathFilter: undefined,
    coverageMode: undefined
  },
  needCoverageInsert: false,
  debugLine: false,
  projectTopDir: 'D:\\GitRespositore\\App_Present-BUPT.GAFA',
  compileSdkVersion: 24,
  compatibleSdkVersion: 12,
  originCompatibleSdkVersion: '5.0.0(12)',
  compatibleSdkVersionStage: 'beta1',
  bundleName: 'c***t',
  etsLoaderVersion: '6.1.1.125',
  etsLoaderReleaseType: 'Release',
  aotCompileMode: 'type',
  apPath: 'D:\\GitRespositore\\App_Present-BUPT.GAFA\\entry\\modules.ap',
  entryModuleName: 'entry',
  entryModuleVersion: '1.0.0',
  entryPackageName: 'entry',
  allModuleNameHash: 'ce764aec9e620006bc7b8a9e354ca8c34e4b798ecbb3c99c2c17f9a4e66df8b7',
  externalApiPaths: [
    'D:\\Program Files\\Huawei\\DevEco Studio\\sdk\\default\\hms\\ets'
  ],
  compilerTypes: [],
  isCrossplatform: false,
  hvigorPluginFile: undefined,
  compilePluginPath: undefined,
  buildGeneratedProfilePath: 'D:\\GitRespositore\\App_Present-BUPT.GAFA\\entry\\build\\default\\generated\\profile\\default',
  bundleType: 'app',
  arkTSVersion: undefined,
  apiVersion: 24,
  needCompleteSourcesMap: false,
  isFaMode: false,
  buildDir: 'D:\\GitRespositore\\App_Present-BUPT.GAFA\\entry\\build',
  deviceTypes: [ 'phone', 'tablet', '2in1' ],
  pkgContextInfo: undefined,
  ohPackagePathMap: {},
  dependencyAliasMap: {},
  permission: { requestPermissions: undefined, definePermissions: undefined },
  useGetCurrentBundleName: false,
  projectArkOption: undefined,
  sourceMapDir: undefined,
  branchElimination: false,
  transformLib: undefined,
  tsImportSendable: false,
  resolveConflictMode: true,
  depName2RootPath: {},
  depName2DepInfo: {},
  depName2OhExports: {},
  rootPathSet: [ 'D:\\GitRespositore\\App_Present-BUPT.GAFA' ],
  useNativeResolver: true,
  shouldEmitJs: true,
  useTscResolve: false,
  singleFileEmit: false,
  userProjectConfig: {
    autoLazyImport: false,
    allowEmptyBundleName: false,
    reExportCheckMode: 'noCheck',
    executionMode: 'memory',
    usePathPlaceholder: false,
    writeRollupCache: true,
    isExpandImportEnabled: false,
    expandImportExclude: '',
    lazyImportExclude: '',
    lazyImportInclude: '',
    ignoreCrossplatformCheck: false,
    isHarDeduplicateEnabled: false,
    skipOhModulesLint: false,
    enableStrictCheckOHModule: false,
    disableSendableCheckRules: [],
    useDeclarationFileSignature: false,
    customizedOptions: undefined,
    integratedHsp: false,
    isPreloadSoEnabled: false
  },
  executionMode: 'memory',
  arkCompileCachePath: 'D:\\GitRespositore\\App_Present-BUPT.GAFA\\entry\\build\\default\\cache\\default\\default@CompileArkTS\\esmodule',
  autoLazyFilter: undefined,
  isHarDeduplicateEnabled: false,
  intermediateHarDuplicateDirPath: 'D:\\GitRespositore\\App_Present-BUPT.GAFA\\entry\\build\\default\\intermediates\\har_duplicate\\default',
  autoLazyImport: false,
  allowEmptyBundleName: false,
  reExportCheckMode: 'noCheck',
  usePathPlaceholder: false,
  writeRollupCache: true,
  isExpandImportEnabled: false,
  expandImportExclude: '',
  lazyImportExclude: '',
  lazyImportInclude: '',
  ignoreCrossplatformCheck: false,
  skipOhModulesLint: false,
  enableStrictCheckOHModule: false,
  disableSendableCheckRules: [],
  useDeclarationFileSignature: false,
  customizedOptions: undefined,
  integratedHsp: false,
  isPreloadSoEnabled: false,
  strictMode: undefined,
  useNormalizedOHMUrl: false,
  caseSensitiveCheck: false,
  strictCheckerOnly: false,
  aceModuleJsonPath: 'D:\\GitRespositore\\App_Present-BUPT.GAFA\\entry\\build\\default\\intermediates\\res\\default\\ark_module.json',
  appResource: 'D:\\GitRespositore\\App_Present-BUPT.GAFA\\entry\\build\\default\\intermediates\\res\\default\\ResourceTable.txt',
  rawFileResource: 'D:\\GitRespositore\\App_Present-BUPT.GAFA\\entry\\build\\default\\intermediates\\res\\default\\resources\\rawfile',
  resourceTableHash: '0f09b429b371a6f162359917e8bf68f1d1a81abfb007e38c000dadae708d7c6a',
  runtimeOS: 'HarmonyOS',
  sdkInfo: 'false:24:6.1.1.125:Release',
  aceModuleRoot: 'D:\\GitRespositore\\App_Present-BUPT.GAFA\\entry\\src\\main\\ets',
  compileMode: 'esmodule',
  aceSuperVisualPath: 'D:\\GitRespositore\\App_Present-BUPT.GAFA\\entry\\src\\main\\supervisual',
  aceBuildJson: 'D:\\GitRespositore\\App_Present-BUPT.GAFA\\entry\\build\\default\\intermediates\\loader\\default\\loader.json',
  cachePath: 'D:\\GitRespositore\\App_Present-BUPT.GAFA\\entry\\build\\default\\cache\\default\\default@CompileArkTS\\esmodule\\debug',
  aceModuleBuild: 'D:\\GitRespositore\\App_Present-BUPT.GAFA\\entry\\build\\default\\intermediates\\loader_out\\default\\ets',
  supportChunks: true,
  declaredFilesPath: undefined,
  shouldCollectDirectImportees: false,
  isByteCodeHarOptimize: false,
  expandImportPath: undefined,
  resourceTableTs: 'D:\\GitRespositore\\App_Present-BUPT.GAFA\\entry\\build\\default\\generated\\r\\default\\ResourceTable.ts',
  moduleMetaInfoFiles: [
    {
      filePath: 'D:\\GitRespositore\\App_Present-BUPT.GAFA\\entry\\build\\default\\generated\\r\\default\\ResourceTable.ts',
      ohmurl: 'cn.buptgafa.fragment/entry/build/generated/r/ResourceTable'
    }
  ],
  pkgNameToPkgBriefInfo: {
    entry: {
      pkgRoot: 'D:\\GitRespositore\\App_Present-BUPT.GAFA\\entry',
      originalSourceRoots: undefined,
      sourceRoots: [Array],
      pkgName: 'entry'
    }
  },
  projectModel: {
    'D:\\GitRespositore\\App_Present-BUPT.GAFA\\entry\\src\\main': {
      moduleName: 'entry',
      modulePkgPath: 'D:\\GitRespositore\\App_Present-BUPT.GAFA\\entry',
      belongProjectPath: 'D:\\GitRespositore\\App_Present-BUPT.GAFA'
    },
    'D:\\GitRespositore\\App_Present-BUPT.GAFA\\entry': {
      moduleName: 'entry',
      modulePkgPath: 'D:\\GitRespositore\\App_Present-BUPT.GAFA\\entry',
      belongProjectPath: 'D:\\GitRespositore\\App_Present-BUPT.GAFA'
    },
    'D:\\GitRespositore\\App_Present-BUPT.GAFA': {
      moduleName: 'App_Present-BUPT.GAFA',
      modulePkgPath: 'D:\\GitRespositore\\App_Present-BUPT.GAFA',
      belongProjectPath: 'D:\\GitRespositore\\App_Present-BUPT.GAFA'
    }
  },
  pkgJsonFileHash: '5e92eb9c376204a7f74e8c2d50885c89ec5e83986a3aebd45190e2a6a1ebcd8b',
  allModulePaths: [ 'D:\\GitRespositore\\App_Present-BUPT.GAFA\\entry' ],
  routerMap: {},
  obfuscationOptions: undefined,
  byteCodeHarToDependencyKeys: undefined,
  compileBlockPkg: [],
  mockParams: {
    decorator: '@MockSetup',
    packageName: '@ohos/hamock',
    etsSourceRootPath: 'src/main/ets',
    mockConfigPath: undefined,
    mockConfigKey2ModuleInfo: {},
    source2ModuleIdMap: {}
  },
  copyCodeResourceEnable: true,
  copyCodeResourceExcludes: [],
  copyCodeResourceIncludes: undefined,
  uiTransformOptimization: false,
  sdkPath: 'D:/Program Files/Huawei/DevEco Studio/sdk',
  needPreloadSoFileSet: {},
  preloadSoFilePath: 'D:\\GitRespositore\\App_Present-BUPT.GAFA\\entry\\build\\default\\intermediates\\preload\\default\\preload.json',
  useSourceHash: false,
  localModuleParamMap: {},
  otherPaths: {
    'entry/*': [
      '..\\*',
      '..\\..\\..\\build\\default\\generated\\profile\\default\\*'
    ]
  },
  collectImportersConfig: undefined
}
[2026-07-21T18:12:17.523] [DEBUG] debug-file - Compile arkts with external api path: D:\Program Files\Huawei\DevEco Studio\sdk\default\hms\ets
[2026-07-21T18:12:17.526] [DEBUG] debug-file - default@CompileArkTS work[0] is submitted.
[2026-07-21T18:12:17.526] [DEBUG] debug-file - default@CompileArkTS work[0] is pushed to ready queue.
[2026-07-21T18:12:17.526] [DEBUG] debug-file - A work dispatched to worker[31] failed because unable to get work from ready queue.
[2026-07-21T18:12:17.526] [DEBUG] debug-file - A work dispatched to worker[30] failed because unable to get work from ready queue.
[2026-07-21T18:12:17.526] [DEBUG] debug-file - A work dispatched to worker[29] failed because unable to get work from ready queue.
[2026-07-21T18:12:17.526] [DEBUG] debug-file - A work dispatched to worker[28] failed because unable to get work from ready queue.
[2026-07-21T18:12:17.526] [DEBUG] debug-file - A work dispatched to worker[27] failed because unable to get work from ready queue.
[2026-07-21T18:12:17.526] [DEBUG] debug-file - A work dispatched to worker[26] failed because unable to get work from ready queue.
[2026-07-21T18:12:17.526] [DEBUG] debug-file - A work dispatched to worker[25] failed because unable to get work from ready queue.
[2026-07-21T18:12:17.526] [DEBUG] debug-file - A work dispatched to worker[24] failed because unable to get work from ready queue.
[2026-07-21T18:12:17.526] [DEBUG] debug-file - A work dispatched to worker[23] failed because unable to get work from ready queue.
[2026-07-21T18:12:17.526] [DEBUG] debug-file - A work dispatched to worker[22] failed because unable to get work from ready queue.
[2026-07-21T18:12:17.527] [DEBUG] debug-file - A work dispatched to worker[21] failed because unable to get work from ready queue.
[2026-07-21T18:12:17.527] [DEBUG] debug-file - A work dispatched to worker[20] failed because unable to get work from ready queue.
[2026-07-21T18:12:17.527] [DEBUG] debug-file - A work dispatched to worker[19] failed because unable to get work from ready queue.
[2026-07-21T18:12:17.527] [DEBUG] debug-file - A work dispatched to worker[18] failed because unable to get work from ready queue.
[2026-07-21T18:12:17.527] [DEBUG] debug-file - A work dispatched to worker[17] failed because unable to get work from ready queue.
[2026-07-21T18:12:17.527] [DEBUG] debug-file - A work dispatched to worker[16] failed because unable to get work from ready queue.
[2026-07-21T18:12:17.527] [DEBUG] debug-file - A work dispatched to worker[15] failed because unable to get work from ready queue.
[2026-07-21T18:12:17.527] [DEBUG] debug-file - A work dispatched to worker[14] failed because unable to get work from ready queue.
[2026-07-21T18:12:17.527] [DEBUG] debug-file - A work dispatched to worker[13] failed because unable to get work from ready queue.
[2026-07-21T18:12:17.527] [DEBUG] debug-file - A work dispatched to worker[12] failed because unable to get work from ready queue.
[2026-07-21T18:12:17.527] [DEBUG] debug-file - A work dispatched to worker[11] failed because unable to get work from ready queue.
[2026-07-21T18:12:17.527] [DEBUG] debug-file - A work dispatched to worker[10] failed because unable to get work from ready queue.
[2026-07-21T18:12:17.527] [DEBUG] debug-file - A work dispatched to worker[9] failed because unable to get work from ready queue.
[2026-07-21T18:12:17.527] [DEBUG] debug-file - A work dispatched to worker[8] failed because unable to get work from ready queue.
[2026-07-21T18:12:17.527] [DEBUG] debug-file - A work dispatched to worker[7] failed because unable to get work from ready queue.
[2026-07-21T18:12:17.527] [DEBUG] debug-file - A work dispatched to worker[6] failed because unable to get work from ready queue.
[2026-07-21T18:12:17.527] [DEBUG] debug-file - A work dispatched to worker[5] failed because unable to get work from ready queue.
[2026-07-21T18:12:17.527] [DEBUG] debug-file - Create  resident worker with id: 4.
[2026-07-21T18:12:17.528] [DEBUG] debug-file - default@CompileArkTS work[0] has been dispatched to worker[4].
[2026-07-21T18:12:17.529] [DEBUG] debug-file - default@CompileArkTS work[0] is dispatched.
[2026-07-21T18:12:17.529] [DEBUG] debug-file - CopyResources startTime: 400343877846000
[2026-07-21T18:12:17.529] [DEBUG] debug-file - default@CompileArkTS work[1] is submitted.
[2026-07-21T18:12:17.529] [DEBUG] debug-file - default@CompileArkTS work[1] is pushed to ready queue.
[2026-07-21T18:12:17.529] [DEBUG] debug-file - A work dispatched to worker[31] failed because unable to get work from ready queue.
[2026-07-21T18:12:17.529] [DEBUG] debug-file - Create  resident worker with id: 30.
[2026-07-21T18:12:17.530] [DEBUG] debug-file - default@CompileArkTS work[1] has been dispatched to worker[30].
[2026-07-21T18:12:17.530] [DEBUG] debug-file - default@CompileArkTS work[1] is dispatched.
[2026-07-21T18:12:17.530] [DEBUG] debug-file - entry : default@CompileArkTS cost memory 2.2358551025390625
[2026-07-21T18:12:17.532] [DEBUG] debug-file - Executing task :entry:default@BuildJS
[2026-07-21T18:12:17.532] [DEBUG] debug-file - Task 'entry:default@BuildJS' cost while wrapping incremental declarations: 1 ms 
[2026-07-21T18:12:17.535] [DEBUG] debug-file - entry : default@BuildJS cost memory 0.14896392822265625
[2026-07-21T18:12:17.535] [DEBUG] debug-file - runTaskFromQueue task cost before running: 5 s 400 ms 
[2026-07-21T18:12:17.535] [INFO] debug-file - Finished :entry:default@BuildJS... after 3 ms 
[2026-07-21T18:12:17.536] [DEBUG] debug-file - Executing task :entry:default@CacheNativeLibs
[2026-07-21T18:12:17.537] [DEBUG] debug-file - File: 'D:\GitRespositore\App_Present-BUPT.GAFA\entry\build\default\intermediates\binxo\default' from 'cacheBinxoNativeLibs' is not exists, just ignore.
[2026-07-21T18:12:17.537] [DEBUG] debug-file - Task 'entry:default@CacheNativeLibs' cost while wrapping incremental declarations: 1 ms 
[2026-07-21T18:12:17.537] [DEBUG] debug-file - default@CacheNativeLibs work[2] is submitted.
[2026-07-21T18:12:17.538] [DEBUG] debug-file - default@CacheNativeLibs work[2] is pushed to ready queue.
[2026-07-21T18:12:17.538] [DEBUG] debug-file - A work dispatched to worker[31] failed because unable to get work from ready queue.
[2026-07-21T18:12:17.538] [DEBUG] debug-file - A work dispatched to worker[30] failed because of worker busy.
[2026-07-21T18:12:17.538] [DEBUG] debug-file - Create  resident worker with id: 29.
[2026-07-21T18:12:17.538] [DEBUG] debug-file - default@CacheNativeLibs work[2] has been dispatched to worker[29].
[2026-07-21T18:12:17.538] [DEBUG] debug-file - default@CacheNativeLibs work[2] is dispatched.
[2026-07-21T18:12:17.539] [DEBUG] debug-file - entry : default@CacheNativeLibs cost memory 0.16703033447265625
[2026-07-21T18:12:19.076] [DEBUG] debug-file - worker[30] has one work done.
[2026-07-21T18:12:19.076] [DEBUG] debug-file - CopyResources is end, endTime: 400345425470600
[2026-07-21T18:12:19.076] [DEBUG] debug-file - default@CompileArkTS work[1] done.
[2026-07-21T18:12:19.077] [DEBUG] debug-file - A work dispatched to worker[30] failed because unable to get work from ready queue.
[2026-07-21T18:12:19.219] [DEBUG] debug-file - worker[29] has one work done.
[2026-07-21T18:12:19.219] [DEBUG] debug-file - default@CacheNativeLibs work[2] done.
[2026-07-21T18:12:19.219] [DEBUG] debug-file - A work dispatched to worker[29] failed because unable to get work from ready queue.
[2026-07-21T18:12:19.219] [INFO] debug-file - Finished :entry:default@CacheNativeLibs... after 11 ms 
[2026-07-21T18:12:27.330] [DEBUG] debug-file - worker[4] has one work error.
[2026-07-21T18:12:27.330] [DEBUG] debug-file - Ark compile task finished.finished time is 400353679027800
[2026-07-21T18:12:27.330] [DEBUG] debug-file - default@CompileArkTS work[0] failed.
[2026-07-21T18:12:27.330] [ERROR] debug-file - Failed :entry:default@CompileArkTS... 
[2026-07-21T18:12:27.330] [WARN] debug-file - 
[33m1 WARN: [33m[33mArkTS:WARN: For details about ArkTS syntax errors, see FAQs[39m[39m
[33m2 WARN: [33m[33mArkTS:WARN File: D:/GitRespositore/App_Present-BUPT.GAFA/entry/src/main/ets/entryability/EntryAbility.ets:6:5
 Function may throw exceptions. Special handling is required.
[39m[39m
[2026-07-21T18:12:27.331] [DEBUG] debug-file - hvigor build process will be closed with an error.
[2026-07-21T18:12:27.339] [DEBUG] debug-file - ERROR: stacktrace = Error: ArkTS Compiler Error
[31m1 ERROR: [31m10605093 ArkTS Compiler Error
Error Message: Using "this" inside stand-alone functions is not supported (arkts-no-standalone-this) At File: D:/GitRespositore/App_Present-BUPT.GAFA/entry/src/main/ets/data/FragmentRepository.ets:41:12
[39m
[39m
[31m2 ERROR: [31m10605093 ArkTS Compiler Error
Error Message: Using "this" inside stand-alone functions is not supported (arkts-no-standalone-this) At File: D:/GitRespositore/App_Present-BUPT.GAFA/entry/src/main/ets/data/FragmentRepository.ets:54:5
[39m
[39m
[31m3 ERROR: [31m10605093 ArkTS Compiler Error
Error Message: Using "this" inside stand-alone functions is not supported (arkts-no-standalone-this) At File: D:/GitRespositore/App_Present-BUPT.GAFA/entry/src/main/ets/data/FragmentRepository.ets:59:12
[39m
[39m
[31m4 ERROR: [31m10605038 ArkTS Compiler Error
Error Message: Object literal must correspond to some explicitly declared class or interface (arkts-no-untyped-obj-literals) At File: D:/GitRespositore/App_Present-BUPT.GAFA/entry/src/main/ets/components/CaptureSheet.ets:116:60
[39m
[39m
[31m5 ERROR: [31m10605038 ArkTS Compiler Error
Error Message: Object literal must correspond to some explicitly declared class or interface (arkts-no-untyped-obj-literals) At File: D:/GitRespositore/App_Present-BUPT.GAFA/entry/src/main/ets/components/CaptureSheet.ets:125:70
[39m
[39m
[31m6 ERROR: [31m10605093 ArkTS Compiler Error
Error Message: Using "this" inside stand-alone functions is not supported (arkts-no-standalone-this) At File: D:/GitRespositore/App_Present-BUPT.GAFA/entry/src/main/ets/utils/TimeUtils.ets:22:12
[39m
[39m
[31m7 ERROR: [31m10605093 ArkTS Compiler Error
Error Message: Using "this" inside stand-alone functions is not supported (arkts-no-standalone-this) At File: D:/GitRespositore/App_Present-BUPT.GAFA/entry/src/main/ets/service/RelationService.ets:12:64
[39m
[39m
[31m8 ERROR: [31m10605093 ArkTS Compiler Error
Error Message: Using "this" inside stand-alone functions is not supported (arkts-no-standalone-this) At File: D:/GitRespositore/App_Present-BUPT.GAFA/entry/src/main/ets/service/RelationService.ets:17:28
[39m
[39m
[31m9 ERROR: [31m10605093 ArkTS Compiler Error
Error Message: Using "this" inside stand-alone functions is not supported (arkts-no-standalone-this) At File: D:/GitRespositore/App_Present-BUPT.GAFA/entry/src/main/ets/service/RelationService.ets:18:28
[39m
[39m
[31m10 ERROR: [31m10605093 ArkTS Compiler Error
Error Message: Using "this" inside stand-alone functions is not supported (arkts-no-standalone-this) At File: D:/GitRespositore/App_Present-BUPT.GAFA/entry/src/main/ets/service/RelationService.ets:53:31
[39m
[39m
[31m11 ERROR: [31m10605038 ArkTS Compiler Error
Error Message: Object literal must correspond to some explicitly declared class or interface (arkts-no-untyped-obj-literals) At File: D:/GitRespositore/App_Present-BUPT.GAFA/entry/src/main/ets/service/RelationService.ets:55:14
[39m
[39m
[31m12 ERROR: [31m10505001 ArkTS Compiler Error
Error Message: Property 'Light' does not exist on type 'typeof FontWeight'. Did you mean 'Lighter'? At File: D:/GitRespositore/App_Present-BUPT.GAFA/entry/src/main/ets/components/HomeView.ets:40:38
[39m
[39m
[31m13 ERROR: [31m10505001 ArkTS Compiler Error
Error Message: Property 'tabIndex' in type 'Index' is not assignable to the same property in base type 'CustomComponent'.
  Type 'number' is not assignable to type '(index: number) => CommonAttribute'. At File: D:/GitRespositore/App_Present-BUPT.GAFA/entry/src/main/ets/pages/Index.ets:13:18
[39m
[39m
[31m14 ERROR: [31m10505001 ArkTS Compiler Error
Error Message: Property 'Light' does not exist on type 'typeof FontWeight'. Did you mean 'Lighter'? At File: D:/GitRespositore/App_Present-BUPT.GAFA/entry/src/main/ets/pages/Index.ets:66:34
[39m
[39m
[31mCOMPILE RESULT:FAIL {ERROR:15 WARN:2}[39m
    at runArkPack (D:\Program Files\Huawei\DevEco Studio\tools\hvigor\hvigor-ohos-plugin\node_modules\@ohos\hvigor-arkts-compose\dist\src\arkts-pack.js:1:5143)
ArkTSCompilerError: ArkTS Compiler Error
    at throwArkTsCompilerError (D:\Program Files\Huawei\DevEco Studio\tools\hvigor\hvigor-ohos-plugin\node_modules\@ohos\hvigor-arkts-compose\dist\src\data\compose-error.js:1:423)
    at throwErrorIfHasErrorInfo (D:\Program Files\Huawei\DevEco Studio\tools\hvigor\hvigor-ohos-plugin\node_modules\@ohos\hvigor-arkts-compose\dist\src\plugins\common-plugin.js:1:4923)
    at Object.handler (D:\Program Files\Huawei\DevEco Studio\tools\hvigor\hvigor-ohos-plugin\node_modules\@ohos\hvigor-arkts-compose\dist\src\plugins\common-plugin.js:1:3018)
    at D:\Program Files\Huawei\DevEco Studio\tools\hvigor\hvigor-ohos-plugin\node_modules\@ohos\hvigor-arkts-base\node_modules\rollup\dist\shared\rollup.js:27864:40
[2026-07-21T18:12:27.339] [ERROR] debug-file - Error: ArkTS Compiler Error
[31m1 ERROR: [31m10605093 ArkTS Compiler Error
Error Message: Using "this" inside stand-alone functions is not supported (arkts-no-standalone-this) At File: D:/GitRespositore/App_Present-BUPT.GAFA/entry/src/main/ets/data/FragmentRepository.ets:41:12
[39m
[39m
[31m2 ERROR: [31m10605093 ArkTS Compiler Error
Error Message: Using "this" inside stand-alone functions is not supported (arkts-no-standalone-this) At File: D:/GitRespositore/App_Present-BUPT.GAFA/entry/src/main/ets/data/FragmentRepository.ets:54:5
[39m
[39m
[31m3 ERROR: [31m10605093 ArkTS Compiler Error
Error Message: Using "this" inside stand-alone functions is not supported (arkts-no-standalone-this) At File: D:/GitRespositore/App_Present-BUPT.GAFA/entry/src/main/ets/data/FragmentRepository.ets:59:12
[39m
[39m
[31m4 ERROR: [31m10605038 ArkTS Compiler Error
Error Message: Object literal must correspond to some explicitly declared class or interface (arkts-no-untyped-obj-literals) At File: D:/GitRespositore/App_Present-BUPT.GAFA/entry/src/main/ets/components/CaptureSheet.ets:116:60
[39m
[39m
[31m5 ERROR: [31m10605038 ArkTS Compiler Error
Error Message: Object literal must correspond to some explicitly declared class or interface (arkts-no-untyped-obj-literals) At File: D:/GitRespositore/App_Present-BUPT.GAFA/entry/src/main/ets/components/CaptureSheet.ets:125:70
[39m
[39m
[31m6 ERROR: [31m10605093 ArkTS Compiler Error
Error Message: Using "this" inside stand-alone functions is not supported (arkts-no-standalone-this) At File: D:/GitRespositore/App_Present-BUPT.GAFA/entry/src/main/ets/utils/TimeUtils.ets:22:12
[39m
[39m
[31m7 ERROR: [31m10605093 ArkTS Compiler Error
Error Message: Using "this" inside stand-alone functions is not supported (arkts-no-standalone-this) At File: D:/GitRespositore/App_Present-BUPT.GAFA/entry/src/main/ets/service/RelationService.ets:12:64
[39m
[39m
[31m8 ERROR: [31m10605093 ArkTS Compiler Error
Error Message: Using "this" inside stand-alone functions is not supported (arkts-no-standalone-this) At File: D:/GitRespositore/App_Present-BUPT.GAFA/entry/src/main/ets/service/RelationService.ets:17:28
[39m
[39m
[31m9 ERROR: [31m10605093 ArkTS Compiler Error
Error Message: Using "this" inside stand-alone functions is not supported (arkts-no-standalone-this) At File: D:/GitRespositore/App_Present-BUPT.GAFA/entry/src/main/ets/service/RelationService.ets:18:28
[39m
[39m
[31m10 ERROR: [31m10605093 ArkTS Compiler Error
Error Message: Using "this" inside stand-alone functions is not supported (arkts-no-standalone-this) At File: D:/GitRespositore/App_Present-BUPT.GAFA/entry/src/main/ets/service/RelationService.ets:53:31
[39m
[39m
[31m11 ERROR: [31m10605038 ArkTS Compiler Error
Error Message: Object literal must correspond to some explicitly declared class or interface (arkts-no-untyped-obj-literals) At File: D:/GitRespositore/App_Present-BUPT.GAFA/entry/src/main/ets/service/RelationService.ets:55:14
[39m
[39m
[31m12 ERROR: [31m10505001 ArkTS Compiler Error
Error Message: Property 'Light' does not exist on type 'typeof FontWeight'. Did you mean 'Lighter'? At File: D:/GitRespositore/App_Present-BUPT.GAFA/entry/src/main/ets/components/HomeView.ets:40:38
[39m
[39m
[31m13 ERROR: [31m10505001 ArkTS Compiler Error
Error Message: Property 'tabIndex' in type 'Index' is not assignable to the same property in base type 'CustomComponent'.
  Type 'number' is not assignable to type '(index: number) => CommonAttribute'. At File: D:/GitRespositore/App_Present-BUPT.GAFA/entry/src/main/ets/pages/Index.ets:13:18
[39m
[39m
[31m14 ERROR: [31m10505001 ArkTS Compiler Error
Error Message: Property 'Light' does not exist on type 'typeof FontWeight'. Did you mean 'Lighter'? At File: D:/GitRespositore/App_Present-BUPT.GAFA/entry/src/main/ets/pages/Index.ets:66:34
[39m
[39m
[31mCOMPILE RESULT:FAIL {ERROR:15 WARN:2}[39m
    at runArkPack (D:\Program Files\Huawei\DevEco Studio\tools\hvigor\hvigor-ohos-plugin\node_modules\@ohos\hvigor-arkts-compose\dist\src\arkts-pack.js:1:5143)
ArkTSCompilerError: ArkTS Compiler Error
    at throwArkTsCompilerError (D:\Program Files\Huawei\DevEco Studio\tools\hvigor\hvigor-ohos-plugin\node_modules\@ohos\hvigor-arkts-compose\dist\src\data\compose-error.js:1:423)
    at throwErrorIfHasErrorInfo (D:\Program Files\Huawei\DevEco Studio\tools\hvigor\hvigor-ohos-plugin\node_modules\@ohos\hvigor-arkts-compose\dist\src\plugins\common-plugin.js:1:4923)
    at Object.handler (D:\Program Files\Huawei\DevEco Studio\tools\hvigor\hvigor-ohos-plugin\node_modules\@ohos\hvigor-arkts-compose\dist\src\plugins\common-plugin.js:1:3018)
    at D:\Program Files\Huawei\DevEco Studio\tools\hvigor\hvigor-ohos-plugin\node_modules\@ohos\hvigor-arkts-base\node_modules\rollup\dist\shared\rollup.js:27864:40
[2026-07-21T18:12:27.351] [ERROR] debug-file - BUILD FAILED in 15 s 216 ms 
[2026-07-21T18:12:27.352] [DEBUG] debug-file - Update task entry:default@PreBuild input file:D:\GitRespositore\App_Present-BUPT.GAFA\AppScope\app.json5 cache by regenerate.
[2026-07-21T18:12:27.353] [DEBUG] debug-file - Update task entry:default@PreBuild input file:D:\GitRespositore\App_Present-BUPT.GAFA\entry\src\main\module.json5 cache by regenerate.
[2026-07-21T18:12:27.353] [DEBUG] debug-file - Update task entry:default@PreBuild input file:D:\GitRespositore\App_Present-BUPT.GAFA\build-profile.json5 cache by regenerate.
[2026-07-21T18:12:27.353] [DEBUG] debug-file - Update task entry:default@PreBuild input file:D:\GitRespositore\App_Present-BUPT.GAFA\entry\build-profile.json5 cache by regenerate.
[2026-07-21T18:12:27.354] [DEBUG] debug-file - Update task entry:default@PreBuild input file:D:\GitRespositore\App_Present-BUPT.GAFA\entry\src\main\resources\base\profile\main_pages.json cache by regenerate.
[2026-07-21T18:12:27.354] [DEBUG] debug-file - Update task entry:default@PreBuild input file:D:\GitRespositore\App_Present-BUPT.GAFA\hvigor\hvigor-config.json5 cache by regenerate.
[2026-07-21T18:12:27.354] [DEBUG] debug-file - Update task entry:default@PreBuild input file:D:\GitRespositore\App_Present-BUPT.GAFA\entry\oh-package.json5 cache by regenerate.
[2026-07-21T18:12:27.354] [DEBUG] debug-file - Update task entry:default@PreBuild input file:D:\GitRespositore\App_Present-BUPT.GAFA\oh-package.json5 cache by regenerate.
[2026-07-21T18:12:27.355] [DEBUG] debug-file - Incremental task entry:default@PreBuild post-execution cost:4 ms .
[2026-07-21T18:12:27.355] [DEBUG] debug-file - Update task entry:default@CreateModuleInfo output file:D:\GitRespositore\App_Present-BUPT.GAFA\entry\build\default\generated\profile\default\ModuleInfo.ts cache.
[2026-07-21T18:12:27.355] [DEBUG] debug-file - Incremental task entry:default@CreateModuleInfo post-execution cost:1 ms .
[2026-07-21T18:12:27.355] [DEBUG] debug-file - Update task entry:default@GenerateMetadata input file:D:\GitRespositore\App_Present-BUPT.GAFA\entry\src\main\module.json5 cache by regenerate.
[2026-07-21T18:12:27.355] [DEBUG] debug-file - Update task entry:default@GenerateMetadata output file:D:\GitRespositore\App_Present-BUPT.GAFA\entry\build\default\intermediates\hap_metadata\default\output_metadata.json cache.
[2026-07-21T18:12:27.356] [DEBUG] debug-file - Incremental task entry:default@GenerateMetadata post-execution cost:1 ms .
[2026-07-21T18:12:27.356] [DEBUG] debug-file - Update task entry:default@MergeProfile input file:D:\GitRespositore\App_Present-BUPT.GAFA\AppScope\app.json5 cache by regenerate.
[2026-07-21T18:12:27.356] [DEBUG] debug-file - Update task entry:default@MergeProfile input file:D:\GitRespositore\App_Present-BUPT.GAFA\build-profile.json5 cache by regenerate.
[2026-07-21T18:12:27.356] [DEBUG] debug-file - Update task entry:default@MergeProfile input file:D:\GitRespositore\App_Present-BUPT.GAFA\entry\src\main\module.json5 cache by regenerate.
[2026-07-21T18:12:27.357] [DEBUG] debug-file - Update task entry:default@MergeProfile output file:D:\GitRespositore\App_Present-BUPT.GAFA\entry\build\default\intermediates\merge_profile\default\module.json cache.
[2026-07-21T18:12:27.357] [DEBUG] debug-file - Incremental task entry:default@MergeProfile post-execution cost:1 ms .
[2026-07-21T18:12:27.357] [DEBUG] debug-file - Update task entry:default@CreateBuildProfile input file:D:\GitRespositore\App_Present-BUPT.GAFA\AppScope\app.json5 cache by regenerate.
[2026-07-21T18:12:27.357] [DEBUG] debug-file - Update task entry:default@CreateBuildProfile input file:D:\GitRespositore\App_Present-BUPT.GAFA\build-profile.json5 cache by regenerate.
[2026-07-21T18:12:27.357] [DEBUG] debug-file - Update task entry:default@CreateBuildProfile output file:D:\GitRespositore\App_Present-BUPT.GAFA\entry\build\default\generated\profile\default\BuildProfile.ets cache.
[2026-07-21T18:12:27.358] [DEBUG] debug-file - Incremental task entry:default@CreateBuildProfile post-execution cost:1 ms .
[2026-07-21T18:12:27.358] [DEBUG] debug-file - Update task entry:default@GeneratePkgContextInfo output file:D:\GitRespositore\App_Present-BUPT.GAFA\entry\build\default\intermediates\loader\default\pkgContextInfo.json cache.
[2026-07-21T18:12:27.358] [DEBUG] debug-file - Incremental task entry:default@GeneratePkgContextInfo post-execution cost:1 ms .
[2026-07-21T18:12:27.358] [DEBUG] debug-file - Update task entry:default@GeneratePkgSdkInfo output file:D:\GitRespositore\App_Present-BUPT.GAFA\entry\build\default\intermediates\loader\default\pkgSdkInfo.json cache.
[2026-07-21T18:12:27.358] [DEBUG] debug-file - Incremental task entry:default@GeneratePkgSdkInfo post-execution cost:1 ms .
[2026-07-21T18:12:27.358] [DEBUG] debug-file - Update task entry:default@ProcessIntegratedHsp output file:D:\GitRespositore\App_Present-BUPT.GAFA\build\cache\default\integrated_hsp\integratedHspCache.json cache.
[2026-07-21T18:12:27.358] [DEBUG] debug-file - Incremental task entry:default@ProcessIntegratedHsp post-execution cost:1 ms .
[2026-07-21T18:12:27.358] [DEBUG] debug-file - Update task entry:default@MakePackInfo input file:D:\GitRespositore\App_Present-BUPT.GAFA\AppScope\app.json5 cache by regenerate.
[2026-07-21T18:12:27.359] [DEBUG] debug-file - Update task entry:default@MakePackInfo input file:D:\GitRespositore\App_Present-BUPT.GAFA\entry\src\main\module.json5 cache by regenerate.
[2026-07-21T18:12:27.359] [DEBUG] debug-file - Update task entry:default@MakePackInfo input file:D:\GitRespositore\App_Present-BUPT.GAFA\build-profile.json5 cache by regenerate.
[2026-07-21T18:12:27.359] [DEBUG] debug-file - Update task entry:default@MakePackInfo output file:D:\GitRespositore\App_Present-BUPT.GAFA\entry\build\default\outputs\default\pack.info cache.
[2026-07-21T18:12:27.359] [DEBUG] debug-file - Incremental task entry:default@MakePackInfo post-execution cost:1 ms .
[2026-07-21T18:12:27.359] [DEBUG] debug-file - Update task entry:default@SyscapTransform input file:D:\Program Files\Huawei\DevEco Studio\sdk\default\openharmony\toolchains\syscap_tool.exe cache by regenerate.
[2026-07-21T18:12:27.359] [DEBUG] debug-file - Update task entry:default@SyscapTransform input file:D:\Program Files\Huawei\DevEco Studio\sdk\default\openharmony\ets\api\device-define cache by regenerate.
[2026-07-21T18:12:27.384] [DEBUG] debug-file - Update task entry:default@SyscapTransform output file:D:\GitRespositore\App_Present-BUPT.GAFA\entry\build\default\intermediates\syscap\default\rpcid.sc cache.
[2026-07-21T18:12:27.385] [DEBUG] debug-file - Incremental task entry:default@SyscapTransform post-execution cost:26 ms .
[2026-07-21T18:12:27.385] [DEBUG] debug-file - Update task entry:default@ProcessProfile input file:D:\GitRespositore\App_Present-BUPT.GAFA\entry\build\default\intermediates\merge_profile\default\module.json cache by regenerate.
[2026-07-21T18:12:27.385] [DEBUG] debug-file - Update task entry:default@ProcessProfile output file:D:\GitRespositore\App_Present-BUPT.GAFA\entry\build\default\intermediates\process_profile\default\module.json cache.
[2026-07-21T18:12:27.385] [DEBUG] debug-file - Incremental task entry:default@ProcessProfile post-execution cost:1 ms .
[2026-07-21T18:12:27.386] [DEBUG] debug-file - Update task entry:default@ProcessRouterMap input file:D:\GitRespositore\App_Present-BUPT.GAFA\entry\oh-package.json5 cache by regenerate.
[2026-07-21T18:12:27.386] [DEBUG] debug-file - Update task entry:default@ProcessRouterMap input file:D:\GitRespositore\App_Present-BUPT.GAFA\oh-package.json5 cache by regenerate.
[2026-07-21T18:12:27.386] [DEBUG] debug-file - Update task entry:default@ProcessRouterMap input file:D:\GitRespositore\App_Present-BUPT.GAFA\entry\src\main\module.json5 cache by regenerate.
[2026-07-21T18:12:27.386] [DEBUG] debug-file - Update task entry:default@ProcessRouterMap output file:D:\GitRespositore\App_Present-BUPT.GAFA\entry\build\default\intermediates\router_map\default\temp-router-map.json cache.
[2026-07-21T18:12:27.386] [DEBUG] debug-file - Update task entry:default@ProcessRouterMap output file:D:\GitRespositore\App_Present-BUPT.GAFA\entry\build\default\intermediates\router_map\default\loader-router-map.json cache.
[2026-07-21T18:12:27.387] [DEBUG] debug-file - Incremental task entry:default@ProcessRouterMap post-execution cost:2 ms .
[2026-07-21T18:12:27.387] [DEBUG] debug-file - Update task entry:default@ProcessShareConfig input file:D:\GitRespositore\App_Present-BUPT.GAFA\entry\oh-package.json5 cache by regenerate.
[2026-07-21T18:12:27.387] [DEBUG] debug-file - Update task entry:default@ProcessShareConfig input file:D:\GitRespositore\App_Present-BUPT.GAFA\oh-package.json5 cache by regenerate.
[2026-07-21T18:12:27.387] [DEBUG] debug-file - Update task entry:default@ProcessShareConfig input file:D:\GitRespositore\App_Present-BUPT.GAFA\entry\src\main\module.json5 cache by regenerate.
[2026-07-21T18:12:27.388] [DEBUG] debug-file - Update task entry:default@ProcessShareConfig output file:D:\GitRespositore\App_Present-BUPT.GAFA\entry\build\default\intermediates\share_config\default\temp-share-config.json cache.
[2026-07-21T18:12:27.388] [DEBUG] debug-file - Incremental task entry:default@ProcessShareConfig post-execution cost:1 ms .
[2026-07-21T18:12:27.388] [DEBUG] debug-file - Update task entry:default@ProcessStartupConfig output file:D:\GitRespositore\App_Present-BUPT.GAFA\entry\build\default\intermediates\startup\default\startup_config.json cache.
[2026-07-21T18:12:27.388] [DEBUG] debug-file - Incremental task entry:default@ProcessStartupConfig post-execution cost:1 ms .
[2026-07-21T18:12:27.388] [DEBUG] debug-file - Update task entry:default@ProcessResource output file:D:\GitRespositore\App_Present-BUPT.GAFA\entry\build\default\intermediates\res\default\resConfig.json cache.
[2026-07-21T18:12:27.388] [DEBUG] debug-file - Update task entry:default@ProcessResource output file:D:\GitRespositore\App_Present-BUPT.GAFA\entry\build\default\intermediates\res\default\opt-compression.json cache.
[2026-07-21T18:12:27.389] [DEBUG] debug-file - Incremental task entry:default@ProcessResource post-execution cost:1 ms .
[2026-07-21T18:12:27.390] [DEBUG] debug-file - Update task entry:default@GenerateLoaderJson input file:D:\GitRespositore\App_Present-BUPT.GAFA\entry\build\default\intermediates\router_map\default\temp-router-map.json cache by regenerate.
[2026-07-21T18:12:27.390] [DEBUG] debug-file - Update task entry:default@GenerateLoaderJson output file:D:\GitRespositore\App_Present-BUPT.GAFA\entry\build\default\intermediates\loader\default\loader.json cache.
[2026-07-21T18:12:27.390] [DEBUG] debug-file - Incremental task entry:default@GenerateLoaderJson post-execution cost:2 ms .
[2026-07-21T18:12:27.390] [DEBUG] debug-file - Update task entry:default@ProcessLibs input file:D:\GitRespositore\App_Present-BUPT.GAFA\build-profile.json5 cache by regenerate.
[2026-07-21T18:12:27.391] [DEBUG] debug-file - Update task entry:default@ProcessLibs input file:D:\GitRespositore\App_Present-BUPT.GAFA\entry\build-profile.json5 cache by regenerate.
[2026-07-21T18:12:27.391] [DEBUG] debug-file - Update task entry:default@ProcessLibs output file:D:\GitRespositore\App_Present-BUPT.GAFA\entry\build\default\intermediates\libs\default cache.
[2026-07-21T18:12:27.391] [DEBUG] debug-file - Incremental task entry:default@ProcessLibs post-execution cost:1 ms .
[2026-07-21T18:12:27.392] [DEBUG] debug-file - Update task entry:default@CompileResource input file:D:\GitRespositore\App_Present-BUPT.GAFA\entry\src\main\resources cache by regenerate.
[2026-07-21T18:12:27.394] [DEBUG] debug-file - Update task entry:default@CompileResource input file:D:\GitRespositore\App_Present-BUPT.GAFA\AppScope\resources cache by regenerate.
[2026-07-21T18:12:27.395] [DEBUG] debug-file - Update task entry:default@CompileResource input file:D:\GitRespositore\App_Present-BUPT.GAFA\entry\build\default\intermediates\process_profile\default\module.json cache by regenerate.
[2026-07-21T18:12:27.396] [DEBUG] debug-file - Update task entry:default@CompileResource input file:D:\GitRespositore\App_Present-BUPT.GAFA\entry\build\default\intermediates\res\default\resConfig.json cache by regenerate.
[2026-07-21T18:12:27.396] [DEBUG] debug-file - Update task entry:default@CompileResource output file:D:\GitRespositore\App_Present-BUPT.GAFA\entry\build\default\intermediates\res\default cache.
[2026-07-21T18:12:27.399] [DEBUG] debug-file - Update task entry:default@CompileResource output file:D:\GitRespositore\App_Present-BUPT.GAFA\entry\build\default\generated\r\default\ResourceTable.h cache.
[2026-07-21T18:12:27.399] [DEBUG] debug-file - Update task entry:default@CompileResource output file:D:\GitRespositore\App_Present-BUPT.GAFA\entry\build\default\generated\r\default\ResourceTable.ts cache.
[2026-07-21T18:12:27.399] [DEBUG] debug-file - Update task entry:default@CompileResource output file:D:\GitRespositore\App_Present-BUPT.GAFA\entry\build\default\generated\r\default cache.
[2026-07-21T18:12:27.400] [DEBUG] debug-file - Incremental task entry:default@CompileResource post-execution cost:9 ms .
[2026-07-21T18:12:27.400] [DEBUG] debug-file - Update task entry:default@DoNativeStrip input file:D:\GitRespositore\App_Present-BUPT.GAFA\entry\build\default\intermediates\libs\default cache by regenerate.
[2026-07-21T18:12:27.400] [DEBUG] debug-file - Update task entry:default@DoNativeStrip output file:D:\GitRespositore\App_Present-BUPT.GAFA\entry\build\default\intermediates\stripped_native_libs\default cache.
[2026-07-21T18:12:27.400] [DEBUG] debug-file - Incremental task entry:default@DoNativeStrip post-execution cost:1 ms .
[2026-07-21T18:12:27.401] [DEBUG] debug-file - Update task entry:default@CompileArkTS input file:D:\GitRespositore\App_Present-BUPT.GAFA\entry\build\default\intermediates\loader\default cache by regenerate.
[2026-07-21T18:12:27.402] [DEBUG] debug-file - Update task entry:default@CompileArkTS input file:D:\GitRespositore\App_Present-BUPT.GAFA\entry\build\default\intermediates\res\default\ResourceTable.txt cache by regenerate.
[2026-07-21T18:12:27.402] [DEBUG] debug-file - Update task entry:default@CompileArkTS input file:D:\GitRespositore\App_Present-BUPT.GAFA\entry\build\default\intermediates\res\default\ark_module.json cache by regenerate.
[2026-07-21T18:12:27.402] [DEBUG] debug-file - Update task entry:default@CompileArkTS input file:D:\GitRespositore\App_Present-BUPT.GAFA\entry\build\default\intermediates\res\default\resources\base\profile cache by regenerate.
[2026-07-21T18:12:27.402] [DEBUG] debug-file - Update task entry:default@CompileArkTS input file:D:\GitRespositore\App_Present-BUPT.GAFA\entry\src\main\ets cache by regenerate.
[2026-07-21T18:12:27.407] [DEBUG] debug-file - Update task entry:default@CompileArkTS input file:D:\GitRespositore\App_Present-BUPT.GAFA\entry\build\default\generated\profile\default\BuildProfile.ets cache by regenerate.
[2026-07-21T18:12:27.407] [DEBUG] debug-file - Update task entry:default@CompileArkTS output file:D:\GitRespositore\App_Present-BUPT.GAFA\entry\build\default\intermediates\loader_out\default\ets cache.
[2026-07-21T18:12:27.408] [DEBUG] debug-file - Incremental task entry:default@CompileArkTS post-execution cost:8 ms .
[2026-07-21T18:12:27.408] [DEBUG] debug-file - Update task entry:default@BuildJS input file:D:\GitRespositore\App_Present-BUPT.GAFA\entry\build\default\intermediates\loader\default cache by regenerate.
[2026-07-21T18:12:27.409] [DEBUG] debug-file - Update task entry:default@BuildJS input file:D:\GitRespositore\App_Present-BUPT.GAFA\entry\build\default\intermediates\res\default\ResourceTable.txt cache by regenerate.
[2026-07-21T18:12:27.409] [DEBUG] debug-file - Update task entry:default@BuildJS input file:D:\GitRespositore\App_Present-BUPT.GAFA\entry\build\default\intermediates\res\default\ark_module.json cache by regenerate.
[2026-07-21T18:12:27.409] [DEBUG] debug-file - Update task entry:default@BuildJS input file:D:\GitRespositore\App_Present-BUPT.GAFA\entry\build\default\intermediates\res\default\resources\base\profile cache by regenerate.
[2026-07-21T18:12:27.410] [DEBUG] debug-file - Update task entry:default@BuildJS output file:D:\GitRespositore\App_Present-BUPT.GAFA\entry\build\default\intermediates\loader_out\default\js cache.
[2026-07-21T18:12:27.410] [DEBUG] debug-file - Incremental task entry:default@BuildJS post-execution cost:3 ms .
[2026-07-21T18:12:27.410] [DEBUG] debug-file - Update task entry:default@CacheNativeLibs input file:D:\GitRespositore\App_Present-BUPT.GAFA\entry\build\default\intermediates\stripped_native_libs\default cache by regenerate.
[2026-07-21T18:12:27.410] [DEBUG] debug-file - Update task entry:default@CacheNativeLibs input file:D:\GitRespositore\App_Present-BUPT.GAFA\entry\build\default\intermediates\libs\default cache by regenerate.
[2026-07-21T18:12:27.410] [DEBUG] debug-file - Update task entry:default@CacheNativeLibs output file:D:\GitRespositore\App_Present-BUPT.GAFA\entry\build\default\intermediates\patch\default\base_native_libs.json cache.
[2026-07-21T18:12:27.410] [DEBUG] debug-file - Update task entry:default@CacheNativeLibs output file:D:\GitRespositore\App_Present-BUPT.GAFA\entry\build\default\intermediates\patch\default\binxo_native_libs.json cache.
[2026-07-21T18:12:27.411] [DEBUG] debug-file - Incremental task entry:default@CacheNativeLibs post-execution cost:1 ms .
[2026-07-21T18:12:27.434] [DEBUG] debug-file - Cleanup worker 0.
[2026-07-21T18:12:27.434] [DEBUG] debug-file - Worker 0 has been cleaned up.
[2026-07-21T18:12:27.434] [DEBUG] debug-file - Current idle worker size: 4.
[2026-07-21T18:12:27.434] [DEBUG] debug-file - Current resident worker size: 5.
[2026-07-21T18:12:27.434] [DEBUG] debug-file - Cleanup worker 1.
[2026-07-21T18:12:27.434] [DEBUG] debug-file - Worker 1 has been cleaned up.
[2026-07-21T18:12:27.434] [DEBUG] debug-file - Current idle worker size: 3.
[2026-07-21T18:12:27.434] [DEBUG] debug-file - Current resident worker size: 5.
[2026-07-21T18:12:27.434] [DEBUG] debug-file - Cleanup worker 30.
[2026-07-21T18:12:27.434] [DEBUG] debug-file - Worker 30 has been cleaned up.
[2026-07-21T18:12:27.434] [DEBUG] debug-file - Current idle worker size: 2.
[2026-07-21T18:12:27.434] [DEBUG] debug-file - Current resident worker size: 5.
[2026-07-21T18:12:27.434] [DEBUG] debug-file - Cleanup worker 29.
[2026-07-21T18:12:27.435] [DEBUG] debug-file - Worker 29 has been cleaned up.
[2026-07-21T18:12:27.435] [DEBUG] debug-file - Current idle worker size: 1.
[2026-07-21T18:12:27.435] [DEBUG] debug-file - Current resident worker size: 5.
[2026-07-21T18:12:27.436] [DEBUG] debug-file - hvigor build process will be closed.
[2026-07-21T18:12:27.438] [DEBUG] debug-file - worker[1] exits with exit code 1.
[2026-07-21T18:12:27.439] [DEBUG] debug-file - worker[0] exits with exit code 1.
[2026-07-21T18:12:27.441] [DEBUG] debug-file - session manager: send message to worker process.
[2026-07-21T18:12:27.441] [DEBUG] debug-file - session manager: send message to worker process.
[2026-07-21T18:12:27.441] [DEBUG] debug-file - watch worker: worker id should be larger than 0. Nothing will be sent to any worker thread.
[2026-07-21T18:12:27.441] [DEBUG] debug-file - watch worker: worker id should be larger than 0. Nothing will be sent to any worker thread.
[2026-07-21T18:12:27.443] [DEBUG] debug-file - worker[30] exits with exit code 1.
[2026-07-21T18:12:27.443] [DEBUG] debug-file - worker[29] exits with exit code 1.
